app/build/intermediates/manifest_merge_blame_file/release/processReleaseMainManifest/manifest-merger-blame-release-report.txt
1<?xml version="1.0" encoding="utf-8"?>
2<!--
3    ~ Copyright 2022 The TensorFlow Authors. All Rights Reserved.
4    ~
5    ~ Licensed under the Apache License, Version 2.0 (the "License");
6    ~ you may not use this file except in compliance with the License.
7    ~ You may obtain a copy of the License at
8    ~
9    ~       http://www.apache.org/licenses/LICENSE-2.0
10    ~
11    ~ Unless required by applicable law or agreed to in writing, software
12    ~ distributed under the License is distributed on an "AS IS" BASIS,
13    ~ WITHOUT WARRANTIES OR CONDITIONS OF ANY KIND, either express or implied.
14    ~ See the License for the specific language governing permissions and
15    ~ limitations under the License.
16-->
17<manifest xmlns:android="http://schemas.android.com/apk/res/android"
18    xmlns:dist="http://schemas.android.com/apk/distribution"
19    package="org.tensorflow.lite.examples.objectdetection"
20    android:versionCode="1"
21    android:versionName="1.0.0" >
22
23    <uses-sdk
24        android:minSdkVersion="21"
25        android:targetSdkVersion="34" />
26
27    <!-- Enable instant app support -->
28    <dist:module dist:instant="true" />
28-->src\main\AndroidManifest.xml:24:5-40
28-->src\main\AndroidManifest.xml:24:18-37
29
30    <!-- Declare features -->
31    <uses-feature android:name="android.hardware.camera" />
31-->src\main\AndroidManifest.xml:27:5-60
31-->src\main\AndroidManifest.xml:27:19-57
32
33    <!-- Declare permissions -->
34    <uses-permission android:name="android.permission.CAMERA" />
34-->src\main\AndroidManifest.xml:30:5-65
34-->src\main\AndroidManifest.xml:30:22-62
35
36    <!-- 通知 -->
37    <uses-permission android:name="android.permission.POST_NOTIFICATIONS" />
37-->src\main\AndroidManifest.xml:33:5-77
37-->src\main\AndroidManifest.xml:33:22-74
38
39    <!-- 音声通知 -->
40    <uses-permission android:name="android.permission.VIBRATE" />
40-->src\main\AndroidManifest.xml:36:5-66
40-->src\main\AndroidManifest.xml:36:22-63
41    <uses-permission android:name="android.permission.WRITE_EXTERNAL_STORAGE" />
42    <uses-permission android:name="android.permission.READ_PHONE_STATE" />
43    <uses-permission android:name="android.permission.READ_EXTERNAL_STORAGE" />
44
45    <application
45-->src\main\AndroidManifest.xml:38:5-69:19
46        android:allowBackup="true"
46-->src\main\AndroidManifest.xml:42:9-35
47        android:appComponentFactory="androidx.core.app.CoreComponentFactory"
47-->[androidx.core:core:1.6.0] AndroidManifest.xml:24:18-86
48        android:extractNativeLibs="true"
49        android:icon="@mipmap/ic_launcher"
49-->src\main\AndroidManifest.xml:39:9-43
50        android:label="@string/app_name"
50-->src\main\AndroidManifest.xml:41:9-41
51        android:roundIcon="@mipmap/ic_launcher_round"
51-->src\main\AndroidManifest.xml:40:9-54
52        android:taskAffinity="" >
52-->src\main\AndroidManifest.xml:43:9-32
53        <activity
53-->src\main\AndroidManifest.xml:46:9-67:20
54            android:name="org.tensorflow.lite.examples.objectdetection.MainActivity"
54-->src\main\AndroidManifest.xml:47:13-41
55            android:clearTaskOnLaunch="true"
55-->src\main\AndroidManifest.xml:48:13-45
56            android:configChanges="orientation|screenLayout|screenSize|smallestScreenSize"
56-->src\main\AndroidManifest.xml:54:13-91
57            android:exported="true"
57-->src\main\AndroidManifest.xml:50:13-36
58            android:icon="@mipmap/ic_launcher"
58-->src\main\AndroidManifest.xml:51:13-47
59            android:resizeableActivity="true"
59-->src\main\AndroidManifest.xml:53:13-46
60            android:rotationAnimation="seamless"
60-->src\main\AndroidManifest.xml:52:13-49
61            android:supportsPictureInPicture="true"
61-->src\main\AndroidManifest.xml:55:13-52
62            android:theme="@style/AppTheme" >
62-->src\main\AndroidManifest.xml:49:13-44
63
64            <!-- Main app intent filter -->
65            <intent-filter>
65-->src\main\AndroidManifest.xml:59:13-62:29
66                <action android:name="android.intent.action.MAIN" />
66-->src\main\AndroidManifest.xml:60:17-69
66-->src\main\AndroidManifest.xml:60:25-66
67
68                <category android:name="android.intent.category.LAUNCHER" />
68-->src\main\AndroidManifest.xml:61:17-77
68-->src\main\AndroidManifest.xml:61:27-74
69            </intent-filter>
70
71            <!-- Declare notch support -->
72            <meta-data
72-->src\main\AndroidManifest.xml:65:13-83
73                android:name="android.notch_support"
73-->src\main\AndroidManifest.xml:65:24-60
74                android:value="true" />
74-->src\main\AndroidManifest.xml:65:61-81
75        </activity>
76
77        <service
77-->[androidx.camera:camera-camera2:1.1.0-beta03] AndroidManifest.xml:26:9-35:19
78            android:name="androidx.camera.core.impl.MetadataHolderService"
78-->[androidx.camera:camera-camera2:1.1.0-beta03] AndroidManifest.xml:27:13-75
79            android:enabled="false"
79-->[androidx.camera:camera-camera2:1.1.0-beta03] AndroidManifest.xml:28:13-36
80            android:exported="false" >
80-->[androidx.camera:camera-camera2:1.1.0-beta03] AndroidManifest.xml:29:13-37
81            <meta-data
81-->[androidx.camera:camera-camera2:1.1.0-beta03] AndroidManifest.xml:32:13-34:89
82                android:name="androidx.camera.core.impl.MetadataHolderService.DEFAULT_CONFIG_PROVIDER"
82-->[androidx.camera:camera-camera2:1.1.0-beta03] AndroidManifest.xml:33:17-103
83                android:value="androidx.camera.camera2.Camera2Config$DefaultProvider" />
83-->[androidx.camera:camera-camera2:1.1.0-beta03] AndroidManifest.xml:34:17-86
84        </service>
85
86        <provider
86-->[androidx.lifecycle:lifecycle-process:2.6.1] AndroidManifest.xml:24:9-32:20
87            android:name="androidx.startup.InitializationProvider"
87-->[androidx.lifecycle:lifecycle-process:2.6.1] AndroidManifest.xml:25:13-67
88            android:authorities="org.tensorflow.lite.examples.objectdetection.androidx-startup"
88-->[androidx.lifecycle:lifecycle-process:2.6.1] AndroidManifest.xml:26:13-68
89            android:exported="false" >
89-->[androidx.lifecycle:lifecycle-process:2.6.1] AndroidManifest.xml:27:13-37
90            <meta-data
90-->[androidx.lifecycle:lifecycle-process:2.6.1] AndroidManifest.xml:29:13-31:52
91                android:name="androidx.lifecycle.ProcessLifecycleInitializer"
91-->[androidx.lifecycle:lifecycle-process:2.6.1] AndroidManifest.xml:30:17-78
92                android:value="androidx.startup" />
92-->[androidx.lifecycle:lifecycle-process:2.6.1] AndroidManifest.xml:31:17-49
93            <meta-data
93-->[androidx.profileinstaller:profileinstaller:1.3.0] AndroidManifest.xml:29:13-31:52
94                android:name="androidx.profileinstaller.ProfileInstallerInitializer"
94-->[androidx.profileinstaller:profileinstaller:1.3.0] AndroidManifest.xml:30:17-85
95                android:value="androidx.startup" />
95-->[androidx.profileinstaller:profileinstaller:1.3.0] AndroidManifest.xml:31:17-49
96        </provider>
97
98        <uses-library
98-->[androidx.window:window:1.0.0-alpha09] AndroidManifest.xml:25:9-27:40
99            android:name="androidx.window.extensions"
99-->[androidx.window:window:1.0.0-alpha09] AndroidManifest.xml:26:13-54
100            android:required="false" />
100-->[androidx.window:window:1.0.0-alpha09] AndroidManifest.xml:27:13-37
101        <uses-library
101-->[androidx.window:window:1.0.0-alpha09] AndroidManifest.xml:28:9-30:40
102            android:name="androidx.window.sidecar"
102-->[androidx.window:window:1.0.0-alpha09] AndroidManifest.xml:29:13-51
103            android:required="false" />
103-->[androidx.window:window:1.0.0-alpha09] AndroidManifest.xml:30:13-37
104
105        <receiver
105-->[androidx.profileinstaller:profileinstaller:1.3.0] AndroidManifest.xml:34:9-52:20
106            android:name="androidx.profileinstaller.ProfileInstallReceiver"
106-->[androidx.profileinstaller:profileinstaller:1.3.0] AndroidManifest.xml:35:13-76
107            android:directBootAware="false"
107-->[androidx.profileinstaller:profileinstaller:1.3.0] AndroidManifest.xml:36:13-44
108            android:enabled="true"
108-->[androidx.profileinstaller:profileinstaller:1.3.0] AndroidManifest.xml:37:13-35
109            android:exported="true"
109-->[androidx.profileinstaller:profileinstaller:1.3.0] AndroidManifest.xml:38:13-36
110            android:permission="android.permission.DUMP" >
110-->[androidx.profileinstaller:profileinstaller:1.3.0] AndroidManifest.xml:39:13-57
111            <intent-filter>
111-->[androidx.profileinstaller:profileinstaller:1.3.0] AndroidManifest.xml:40:13-42:29
112                <action android:name="androidx.profileinstaller.action.INSTALL_PROFILE" />
112-->[androidx.profileinstaller:profileinstaller:1.3.0] AndroidManifest.xml:41:17-91
112-->[androidx.profileinstaller:profileinstaller:1.3.0] AndroidManifest.xml:41:25-88
113            </intent-filter>
114            <intent-filter>
114-->[androidx.profileinstaller:profileinstaller:1.3.0] AndroidManifest.xml:43:13-45:29
115                <action android:name="androidx.profileinstaller.action.SKIP_FILE" />
115-->[androidx.profileinstaller:profileinstaller:1.3.0] AndroidManifest.xml:44:17-85
115-->[androidx.profileinstaller:profileinstaller:1.3.0] AndroidManifest.xml:44:25-82
116            </intent-filter>
117            <intent-filter>
117-->[androidx.profileinstaller:profileinstaller:1.3.0] AndroidManifest.xml:46:13-48:29
118                <action android:name="androidx.profileinstaller.action.SAVE_PROFILE" />
118-->[androidx.profileinstaller:profileinstaller:1.3.0] AndroidManifest.xml:47:17-88
118-->[androidx.profileinstaller:profileinstaller:1.3.0] AndroidManifest.xml:47:25-85
119            </intent-filter>
120            <intent-filter>
120-->[androidx.profileinstaller:profileinstaller:1.3.0] AndroidManifest.xml:49:13-51:29
121                <action android:name="androidx.profileinstaller.action.BENCHMARK_OPERATION" />
121-->[androidx.profileinstaller:profileinstaller:1.3.0] AndroidManifest.xml:50:17-95
121-->[androidx.profileinstaller:profileinstaller:1.3.0] AndroidManifest.xml:50:25-92
122            </intent-filter>
123        </receiver>
124    </application>
125
126</manifest>